{"name": "Проверка всех обязательных полей", "status": "failed", "statusDetails": {"message": "AssertionError: assert 201 == 400\n +  where 201 = <Response [201]>.status_code", "trace": "self = <test_create_courier.TestCreateCourier object at 0x00000288473F3050>, missing_field = 'firstName'\n\n    @allure.title(\"Проверка всех обязательных полей\")\n    @pytest.mark.parametrize(\"missing_field\", [\"login\", \"password\", \"firstName\"])\n    def test_create_courier_missing_required_field(self, missing_field):\n        data = {\n            \"login\": generate_random_string(10) if missing_field != \"login\" else \"\",\n            \"password\": generate_random_string(10) if missing_field != \"password\" else \"\",\n            \"firstName\": generate_random_string(10) if missing_field != \"firstName\" else \"\"\n        }\n    \n        response = CourierMethods.create_courier(\n            data[\"login\"],\n            data[\"password\"],\n            data[\"firstName\"]\n        )\n    \n>       assert response.status_code == 400\nE       assert 201 == 400\nE        +  where 201 = <Response [201]>.status_code\n\ntests\\test_create_courier.py:85: AssertionError"}, "steps": [{"name": "Создание курьера с данными: 'pisldjxqiy', 'wasexxacaw', ''", "status": "passed", "parameters": [{"name": "login", "value": "'pisldjxqiy'"}, {"name": "password", "value": "'wasexxacaw'"}, {"name": "first_name", "value": "''"}], "start": 1769282632647, "stop": 1769282633190}], "parameters": [{"name": "missing_field", "value": "'firstName'"}], "start": 1769282632646, "stop": 1769282633191, "uuid": "bbc35ec5-f6c0-4445-8295-2045ad6160d8", "historyId": "19b703978c28c1f7042fd0a9d277507a", "testCaseId": "ffeb7392216c805dad5f5f00d83c7080", "fullName": "tests.test_create_courier.TestCreateCourier#test_create_courier_missing_required_field", "labels": [{"name": "epic", "value": "API Яндекс.Самокат"}, {"name": "feature", "value": "Создание курьера"}, {"name": "parentSuite", "value": "tests"}, {"name": "suite", "value": "test_create_courier"}, {"name": "subSuite", "value": "TestCreateCourier"}, {"name": "host", "value": "DESKTOP-FQNA0G3"}, {"name": "thread", "value": "6940-MainThread"}, {"name": "framework", "value": "pytest"}, {"name": "language", "value": "cpython3"}, {"name": "package", "value": "tests.test_create_courier"}], "titlePath": ["tests", "test_create_courier.py", "TestCreateCourier"]}